Sat Mar 29 15:31:45 UTC 2025
Sun Mar 30 13:01:59 UTC 2025
Mon Mar 31 13:18:38 UTC 2025
Tue Apr  1 13:20:21 UTC 2025
Wed Apr  2 13:18:26 UTC 2025
Thu Apr  3 13:17:47 UTC 2025
Fri Apr  4 13:16:47 UTC 2025
Sat Apr  5 13:01:32 UTC 2025
Sun Apr  6 13:01:49 UTC 2025
Mon Apr  7 13:19:36 UTC 2025
Tue Apr  8 13:19:43 UTC 2025
Wed Apr  9 13:19:45 UTC 2025
Thu Apr 10 13:19:07 UTC 2025
Fri Apr 11 13:17:24 UTC 2025
Sat Apr 12 13:01:43 UTC 2025
Sun Apr 13 13:03:12 UTC 2025
Mon Apr 14 13:35:21 UTC 2025
Tue Apr 15 13:19:54 UTC 2025
Wed Apr 16 13:19:47 UTC 2025
Thu Apr 17 13:18:13 UTC 2025
Fri Apr 18 13:14:49 UTC 2025
Sat Apr 19 13:01:56 UTC 2025
Sun Apr 20 13:04:59 UTC 2025
Mon Apr 21 13:16:47 UTC 2025
Tue Apr 22 13:19:38 UTC 2025
Wed Apr 23 13:20:58 UTC 2025
Thu Apr 24 13:35:52 UTC 2025
Fri Apr 25 13:18:29 UTC 2025
Sat Apr 26 13:03:29 UTC 2025
Sun Apr 27 13:04:00 UTC 2025
Mon Apr 28 13:49:42 UTC 2025
Tue Apr 29 13:43:57 UTC 2025
Wed Apr 30 12:17:08 UTC 2025
Thu May  1 12:16:58 UTC 2025
Fri May  2 12:17:18 UTC 2025
Sat May  3 12:15:21 UTC 2025
Sun May  4 12:15:37 UTC 2025
Mon May  5 12:17:30 UTC 2025
